TN:
SF:src/calculator.js
FN:5,(anonymous_0)
FN:9,(anonymous_1)
FN:18,(anonymous_2)
FN:26,(anonymous_3)
FN:32,(anonymous_4)
FN:38,(anonymous_5)
FNF:6
FNH:6
FNDA:16,(anonymous_0)
FNDA:67,(anonymous_1)
FNDA:7,(anonymous_2)
FNDA:4,(anonymous_3)
FNDA:17,(anonymous_4)
FNDA:1,(anonymous_5)
DA:6,16
DA:7,2
DA:9,14
DA:10,67
DA:11,1
DA:13,66
DA:19,7
DA:20,1
DA:22,6
DA:27,4
DA:28,1
DA:31,3
DA:32,17
DA:33,3
DA:34,3
DA:39,1
DA:48,1
LF:17
LH:17
BRDA:6,0,0,2
BRDA:6,0,1,14
BRDA:6,1,0,16
BRDA:6,1,1,15
BRDA:10,2,0,1
BRDA:10,2,1,66
BRDA:10,3,0,67
BRDA:10,3,1,66
BRDA:19,4,0,1
BRDA:19,4,1,6
BRDA:19,5,0,7
BRDA:19,5,1,7
BRDA:27,6,0,1
BRDA:27,6,1,3
BRDA:27,7,0,4
BRDA:27,7,1,4
BRF:16
BRH:16
end_of_record
